Release 14.7 - xst P.20131013 (nt)
Copyright (c) 1995-2013 Xilinx, Inc.  All rights reserved.
--> Parameter TMPDIR set to xst/projnav.tmp


Total REAL time to Xst completion: 0.00 secs
Total CPU time to Xst completion: 0.13 secs
 
--> Parameter xsthdpdir set to xst


Total REAL time to Xst completion: 0.00 secs
Total CPU time to Xst completion: 0.13 secs
 
--> Reading design: split_clock.prj

TABLE OF CONTENTS
  1) Synthesis Options Summary
  2) HDL Parsing
  3) HDL Elaboration
  4) HDL Synthesis
       4.1) HDL Synthesis Report
  5) Advanced HDL Synthesis
       5.1) Advanced HDL Synthesis Report
  6) Low Level Synthesis
  7) Partition Report
  8) Design Summary
       8.1) Primitive and Black Box Usage
       8.2) Device utilization summary
       8.3) Partition Resource Summary
       8.4) Timing Report
            8.4.1) Clock Information
            8.4.2) Asynchronous Control Signals Information
            8.4.3) Timing Summary
            8.4.4) Timing Details
            8.4.5) Cross Clock Domains Report


=========================================================================
*                      Synthesis Options Summary                        *
=========================================================================
---- Source Parameters
Input File Name                    : "split_clock.prj"
Ignore Synthesis Constraint File   : NO

---- Target Parameters
Output File Name                   : "split_clock"
Output Format                      : NGC
Target Device                      : xc7a100t-3-csg324

---- Source Options
Top Module Name                    : split_clock
Automatic FSM Extraction           : YES
FSM Encoding Algorithm             : Auto
Safe Implementation                : No
FSM Style                          : LUT
RAM Extraction                     : Yes
RAM Style                          : Auto
ROM Extraction                     : Yes
Shift Register Extraction          : YES
ROM Style                          : Auto
Resource Sharing                   : YES
Asynchronous To Synchronous        : NO
Shift Register Minimum Size        : 2
Use DSP Block                      : Auto
Automatic Register Balancing       : No

---- Target Options
LUT Combining                      : Auto
Reduce Control Sets                : Auto
Add IO Buffers                     : YES
Global Maximum Fanout              : 100000
Add Generic Clock Buffer(BUFG)     : 32
Register Duplication               : YES
Optimize Instantiated Primitives   : NO
Use Clock Enable                   : Auto
Use Synchronous Set                : Auto
Use Synchronous Reset              : Auto
Pack IO Registers into IOBs        : Auto
Equivalent register Removal        : YES

---- General Options
Optimization Goal                  : Speed
Optimization Effort                : 1
Power Reduction                    : NO
Keep Hierarchy                     : No
Netlist Hierarchy                  : As_Optimized
RTL Output                         : Yes
Global Optimization                : AllClockNets
Read Cores                         : YES
Write Timing Constraints           : NO
Cross Clock Analysis               : NO
Hierarchy Separator                : /
Bus Delimiter                      : <>
Case Specifier                     : Maintain
Slice Utilization Ratio            : 100
BRAM Utilization Ratio             : 100
DSP48 Utilization Ratio            : 100
Auto BRAM Packing                  : NO
Slice Utilization Ratio Delta      : 5

=========================================================================


=========================================================================
*                          HDL Parsing                                  *
=========================================================================
Analyzing Verilog file "D:\School\UCLA\Junior\Fall 2016\m152a\lab3\lab3\split_clock.v" into library work
Parsing module <split_clock>.

=========================================================================
*                            HDL Elaboration                            *
=========================================================================

Elaborating module <split_clock>.
WARNING:HDLCompiler:413 - "D:\School\UCLA\Junior\Fall 2016\m152a\lab3\lab3\split_clock.v" Line 51: Result of 28-bit expression is truncated to fit in 27-bit target.
WARNING:HDLCompiler:413 - "D:\School\UCLA\Junior\Fall 2016\m152a\lab3\lab3\split_clock.v" Line 52: Result of 28-bit expression is truncated to fit in 27-bit target.
WARNING:HDLCompiler:413 - "D:\School\UCLA\Junior\Fall 2016\m152a\lab3\lab3\split_clock.v" Line 53: Result of 28-bit expression is truncated to fit in 27-bit target.
WARNING:HDLCompiler:413 - "D:\School\UCLA\Junior\Fall 2016\m152a\lab3\lab3\split_clock.v" Line 54: Result of 28-bit expression is truncated to fit in 27-bit target.
WARNING:HDLCompiler:634 - "D:\School\UCLA\Junior\Fall 2016\m152a\lab3\lab3\split_clock.v" Line 37: Net <blink_clk_5hz_reg> does not have a driver.
WARNING:HDLCompiler:634 - "D:\School\UCLA\Junior\Fall 2016\m152a\lab3\lab3\split_clock.v" Line 38: Net <fast_clk_50hz_reg> does not have a driver.

=========================================================================
*                           HDL Synthesis                               *
=========================================================================

Synthesizing Unit <split_clock>.
    Related source file is "D:\School\UCLA\Junior\Fall 2016\m152a\lab3\lab3\split_clock.v".
WARNING:Xst:2935 - Signal 'blink_clk_5hz_reg', unconnected in block 'split_clock', is tied to its initial value (0).
WARNING:Xst:2935 - Signal 'fast_clk_50hz_reg', unconnected in block 'split_clock', is tied to its initial value (0).
    Found 27-bit register for signal <time_count>.
    Found 27-bit register for signal <adj_count>.
    Found 1-bit register for signal <adj_clk_2hz>.
    Found 1-bit register for signal <time_clk_1hz>.
    Found 27-bit adder for signal <_n0034> created at line 51.
    Found 27-bit adder for signal <_n0037> created at line 52.
    Summary:
	inferred   2 Adder/Subtractor(s).
	inferred  56 D-type flip-flop(s).
	inferred   2 Multiplexer(s).
Unit <split_clock> synthesized.

=========================================================================
HDL Synthesis Report

Macro Statistics
# Adders/Subtractors                                   : 2
 27-bit adder                                          : 2
# Registers                                            : 4
 1-bit register                                        : 2
 27-bit register                                       : 2
# Multiplexers                                         : 2
 27-bit 2-to-1 multiplexer                             : 2

=========================================================================

=========================================================================
*                       Advanced HDL Synthesis                          *
=========================================================================


=========================================================================
Advanced HDL Synthesis Report

Macro Statistics
# Adders/Subtractors                                   : 2
 27-bit adder                                          : 2
# Registers                                            : 56
 Flip-Flops                                            : 56
# Multiplexers                                         : 2
 27-bit 2-to-1 multiplexer                             : 2

=========================================================================

=========================================================================
*                         Low Level Synthesis                           *
=========================================================================

Optimizing unit <split_clock> ...
WARNING:Xst:1293 - FF/Latch <time_count_26> has a constant value of 0 in block <split_clock>. This FF/Latch will be trimmed during the optimization process.
INFO:Xst:2261 - The FF/Latch <adj_count_0> in Unit <split_clock> is equivalent to the following FF/Latch, which will be removed : <time_count_0> 
INFO:Xst:2261 - The FF/Latch <adj_count_1> in Unit <split_clock> is equivalent to the following FF/Latch, which will be removed : <time_count_1> 
INFO:Xst:2261 - The FF/Latch <adj_count_2> in Unit <split_clock> is equivalent to the following FF/Latch, which will be removed : <time_count_2> 
INFO:Xst:2261 - The FF/Latch <adj_count_3> in Unit <split_clock> is equivalent to the following FF/Latch, which will be removed : <time_count_3> 
INFO:Xst:2261 - The FF/Latch <adj_count_4> in Unit <split_clock> is equivalent to the following FF/Latch, which will be removed : <time_count_4> 
INFO:Xst:2261 - The FF/Latch <adj_count_5> in Unit <split_clock> is equivalent to the following FF/Latch, which will be removed : <time_count_5> 
INFO:Xst:2261 - The FF/Latch <adj_count_6> in Unit <split_clock> is equivalent to the following FF/Latch, which will be removed : <time_count_6> 

Mapping all equations...
Building and optimizing final netlist ...
Found area constraint ratio of 100 (+ 5) on block split_clock, actual ratio is 0.

Final Macro Processing ...

=========================================================================
Final Register Report

Macro Statistics
# Registers                                            : 48
 Flip-Flops                                            : 48

=========================================================================

=========================================================================
*                           Partition Report                            *
=========================================================================

Partition Implementation Status
-------------------------------

  No Partitions were found in this design.

-------------------------------

=========================================================================
*                            Design Summary                             *
=========================================================================

Top Level Output File Name         : split_clock.ngc

Primitive and Black Box Usage:
------------------------------
# BELS                             : 216
#      GND                         : 1
#      INV                         : 2
#      LUT1                        : 50
#      LUT2                        : 4
#      LUT3                        : 4
#      LUT4                        : 1
#      LUT5                        : 2
#      LUT6                        : 45
#      MUXCY                       : 52
#      VCC                         : 1
#      XORCY                       : 54
# FlipFlops/Latches                : 48
#      FD                          : 2
#      FDC                         : 46
# Clock Buffers                    : 1
#      BUFGP                       : 1
# IO Buffers                       : 5
#      IBUF                        : 1
#      OBUF                        : 4

Device utilization summary:
---------------------------

Selected Device : 7a100tcsg324-3 


Slice Logic Utilization: 
 Number of Slice Registers:              48  out of  126800     0%  
 Number of Slice LUTs:                  108  out of  63400     0%  
    Number used as Logic:               108  out of  63400     0%  

Slice Logic Distribution: 
 Number of LUT Flip Flop pairs used:    108
   Number with an unused Flip Flop:      60  out of    108    55%  
   Number with an unused LUT:             0  out of    108     0%  
   Number of fully used LUT-FF pairs:    48  out of    108    44%  
   Number of unique control sets:         2

IO Utilization: 
 Number of IOs:                           6
 Number of bonded IOBs:                   6  out of    210     2%  

Specific Feature Utilization:
 Number of BUFG/BUFGCTRLs:                1  out of     32     3%  

---------------------------
Partition Resource Summary:
---------------------------

  No Partitions were found in this design.

---------------------------


=========================================================================
Timing Report

NOTE: THESE TIMING NUMBERS ARE ONLY A SYNTHESIS ESTIMATE.
      FOR ACCURATE TIMING INFORMATION PLEASE REFER TO THE TRACE REPORT
      GENERATED AFTER PLACE-and-ROUTE.

Clock Information:
------------------
-----------------------------------+------------------------+-------+
Clock Signal                       | Clock buffer(FF name)  | Load  |
-----------------------------------+------------------------+-------+
clk                                | BUFGP                  | 48    |
-----------------------------------+------------------------+-------+

Asynchronous Control Signals Information:
----------------------------------------
No asynchronous control signals found in this design

Timing Summary:
---------------
Speed Grade: -3

   Minimum period: 3.232ns (Maximum Frequency: 309.396MHz)
   Minimum input arrival time before clock: 1.595ns
   Maximum output required time after clock: 0.645ns
   Maximum combinational path delay: No path found

Timing Details:
---------------
All values displayed in nanoseconds (ns)

=========================================================================
Timing constraint: Default period analysis for Clock 'clk'
  Clock period: 3.232ns (frequency: 309.396MHz)
  Total number of paths / destination ports: 10231 / 48
-------------------------------------------------------------------------
Delay:               3.232ns (Levels of Logic = 18)
  Source:            adj_count_0 (FF)
  Destination:       time_count_7 (FF)
  Source Clock:      clk rising
  Destination Clock: clk rising

  Data Path: adj_count_0 to time_count_7
                                Gate     Net
    Cell:in->out      fanout   Delay   Delay  Logical Name (Net Name)
    ----------------------------------------  ------------
     FDC:C->Q              2   0.361   0.283  adj_count_0 (adj_count_0)
     INV:I->O              1   0.113   0.000  Madd__n0037_lut<0>_INV_0 (Madd__n0037_lut<0>)
     MUXCY:S->O            1   0.353   0.000  Madd__n0037_cy<0> (Madd__n0037_cy<0>)
     MUXCY:CI->O           1   0.023   0.000  Madd__n0037_cy<1> (Madd__n0037_cy<1>)
     MUXCY:CI->O           1   0.023   0.000  Madd__n0037_cy<2> (Madd__n0037_cy<2>)
     MUXCY:CI->O           1   0.023   0.000  Madd__n0037_cy<3> (Madd__n0037_cy<3>)
     MUXCY:CI->O           1   0.023   0.000  Madd__n0037_cy<4> (Madd__n0037_cy<4>)
     MUXCY:CI->O           1   0.023   0.000  Madd__n0037_cy<5> (Madd__n0037_cy<5>)
     MUXCY:CI->O           1   0.023   0.000  Madd__n0037_cy<6> (Madd__n0037_cy<6>)
     MUXCY:CI->O           1   0.023   0.000  Madd__n0037_cy<7> (Madd__n0037_cy<7>)
     MUXCY:CI->O           1   0.023   0.000  Madd__n0037_cy<8> (Madd__n0037_cy<8>)
     MUXCY:CI->O           1   0.023   0.000  Madd__n0037_cy<9> (Madd__n0037_cy<9>)
     MUXCY:CI->O           1   0.023   0.000  Madd__n0037_cy<10> (Madd__n0037_cy<10>)
     MUXCY:CI->O           1   0.023   0.000  Madd__n0037_cy<11> (Madd__n0037_cy<11>)
     MUXCY:CI->O           1   0.023   0.000  Madd__n0037_cy<12> (Madd__n0037_cy<12>)
     MUXCY:CI->O           1   0.023   0.000  Madd__n0037_cy<13> (Madd__n0037_cy<13>)
     XORCY:CI->O           5   0.370   0.530  Madd__n0037_xor<14> (_n0037<12>)
     LUT4:I1->O            9   0.097   0.720  Mmux_time_count[26]_GND_1_o_mux_7_OUT51_SW1 (N48)
     LUT6:I1->O            1   0.097   0.000  Mmux_time_count[26]_GND_1_o_mux_7_OUT51 (time_count[26]_GND_1_o_mux_7_OUT<13>)
     FDC:D                     0.008          time_count_13
    ----------------------------------------
    Total                      3.232ns (1.698ns logic, 1.534ns route)
                                       (52.5% logic, 47.5% route)

=========================================================================
Timing constraint: Default OFFSET IN BEFORE for Clock 'clk'
  Total number of paths / destination ports: 48 / 48
-------------------------------------------------------------------------
Offset:              1.595ns (Levels of Logic = 4)
  Source:            reset (PAD)
  Destination:       adj_clk_2hz_reg (FF)
  Destination Clock: clk rising

  Data Path: reset to adj_clk_2hz_reg
                                Gate     Net
    Cell:in->out      fanout   Delay   Delay  Logical Name (Net Name)
    ----------------------------------------  ------------
     IBUF:I->O            48   0.001   0.621  reset_IBUF (reset_IBUF)
     LUT3:I0->O            1   0.097   0.295  _n0047_inv1_SW0_SW0 (N76)
     LUT6:I5->O            1   0.097   0.379  _n0047_inv1_SW0 (N34)
     LUT6:I4->O            1   0.097   0.000  time_clk_1hz_reg_rstpot (time_clk_1hz_reg_rstpot)
     FD:D                      0.008          time_clk_1hz_reg
    ----------------------------------------
    Total                      1.595ns (0.300ns logic, 1.295ns route)
                                       (18.8% logic, 81.2% route)

=========================================================================
Timing constraint: Default OFFSET OUT AFTER for Clock 'clk'
  Total number of paths / destination ports: 2 / 2
-------------------------------------------------------------------------
Offset:              0.645ns (Levels of Logic = 1)
  Source:            adj_clk_2hz_reg (FF)
  Destination:       adj_clk_2hz (PAD)
  Source Clock:      clk rising

  Data Path: adj_clk_2hz_reg to adj_clk_2hz
                                Gate     Net
    Cell:in->out      fanout   Delay   Delay  Logical Name (Net Name)
    ----------------------------------------  ------------
     FD:C->Q               2   0.361   0.283  adj_clk_2hz_reg (adj_clk_2hz_reg)
     OBUF:I->O                 0.000          adj_clk_2hz_OBUF (adj_clk_2hz)
    ----------------------------------------
    Total                      0.645ns (0.361ns logic, 0.283ns route)
                                       (56.0% logic, 44.0% route)

=========================================================================

Cross Clock Domains Report:
--------------------------

Clock to Setup on destination clock clk
---------------+---------+---------+---------+---------+
               | Src:Rise| Src:Fall| Src:Rise| Src:Fall|
Source Clock   |Dest:Rise|Dest:Rise|Dest:Fall|Dest:Fall|
---------------+---------+---------+---------+---------+
clk            |    3.232|         |         |         |
---------------+---------+---------+---------+---------+

=========================================================================


Total REAL time to Xst completion: 10.00 secs
Total CPU time to Xst completion: 9.87 secs
 
--> 

Total memory usage is 362168 kilobytes

Number of errors   :    0 (   0 filtered)
Number of warnings :    9 (   0 filtered)
Number of infos    :    7 (   0 filtered)

