Release 14.7 - xst P.20131013 (nt)
Copyright (c) 1995-2013 Xilinx, Inc.  All rights reserved.
--> Parameter TMPDIR set to xst/projnav.tmp


Total REAL time to Xst completion: 0.00 secs
Total CPU time to Xst completion: 0.35 secs
 
--> Parameter xsthdpdir set to xst


Total REAL time to Xst completion: 0.00 secs
Total CPU time to Xst completion: 0.35 secs
 
--> Reading design: stop_watch.prj

TABLE OF CONTENTS
  1) Synthesis Options Summary
  2) HDL Parsing
  3) HDL Elaboration
  4) HDL Synthesis
       4.1) HDL Synthesis Report
  5) Advanced HDL Synthesis
       5.1) Advanced HDL Synthesis Report
  6) Low Level Synthesis
  7) Partition Report
  8) Design Summary
       8.1) Primitive and Black Box Usage
       8.2) Device utilization summary
       8.3) Partition Resource Summary
       8.4) Timing Report
            8.4.1) Clock Information
            8.4.2) Asynchronous Control Signals Information
            8.4.3) Timing Summary
            8.4.4) Timing Details
            8.4.5) Cross Clock Domains Report


=========================================================================
*                      Synthesis Options Summary                        *
=========================================================================
---- Source Parameters
Input File Name                    : "stop_watch.prj"
Ignore Synthesis Constraint File   : NO

---- Target Parameters
Output File Name                   : "stop_watch"
Output Format                      : NGC
Target Device                      : xc7a100t-3-csg324

---- Source Options
Top Module Name                    : stop_watch
Automatic FSM Extraction           : YES
FSM Encoding Algorithm             : Auto
Safe Implementation                : No
FSM Style                          : LUT
RAM Extraction                     : Yes
RAM Style                          : Auto
ROM Extraction                     : Yes
Shift Register Extraction          : YES
ROM Style                          : Auto
Resource Sharing                   : YES
Asynchronous To Synchronous        : NO
Shift Register Minimum Size        : 2
Use DSP Block                      : Auto
Automatic Register Balancing       : No

---- Target Options
LUT Combining                      : Auto
Reduce Control Sets                : Auto
Add IO Buffers                     : YES
Global Maximum Fanout              : 100000
Add Generic Clock Buffer(BUFG)     : 32
Register Duplication               : YES
Optimize Instantiated Primitives   : NO
Use Clock Enable                   : Auto
Use Synchronous Set                : Auto
Use Synchronous Reset              : Auto
Pack IO Registers into IOBs        : Auto
Equivalent register Removal        : YES

---- General Options
Optimization Goal                  : Speed
Optimization Effort                : 1
Power Reduction                    : NO
Keep Hierarchy                     : No
Netlist Hierarchy                  : As_Optimized
RTL Output                         : Yes
Global Optimization                : AllClockNets
Read Cores                         : YES
Write Timing Constraints           : NO
Cross Clock Analysis               : NO
Hierarchy Separator                : /
Bus Delimiter                      : <>
Case Specifier                     : Maintain
Slice Utilization Ratio            : 100
BRAM Utilization Ratio             : 100
DSP48 Utilization Ratio            : 100
Auto BRAM Packing                  : NO
Slice Utilization Ratio Delta      : 5

=========================================================================


=========================================================================
*                          HDL Parsing                                  *
=========================================================================
Analyzing Verilog file "D:\School\UCLA\Junior\Fall 2016\m152a\lab3b\basic_counter.v" into library work
Parsing module <basic_counter>.
Analyzing Verilog file "D:\School\UCLA\Junior\Fall 2016\m152a\lab3b\coder.v" into library work
Parsing module <coder>.
Analyzing Verilog file "D:\School\UCLA\Junior\Fall 2016\m152a\lab3b\adv_counter.v" into library work
Parsing module <adv_counter>.
Analyzing Verilog file "D:\School\UCLA\Junior\Fall 2016\m152a\lab3b\split_clk.v" into library work
Parsing module <split_clk>.
Analyzing Verilog file "D:\School\UCLA\Junior\Fall 2016\m152a\lab3b\select_state.v" into library work
Parsing module <select_state>.
Analyzing Verilog file "D:\School\UCLA\Junior\Fall 2016\m152a\lab3b\select_mode.v" into library work
Parsing module <select_mode>.
Analyzing Verilog file "D:\School\UCLA\Junior\Fall 2016\m152a\lab3b\display.v" into library work
Parsing module <display>.
ERROR:HDLCompiler:31 - "D:\School\UCLA\Junior\Fall 2016\m152a\lab3b\display.v" Line 45: <second1> is already declared.
ERROR:HDLCompiler:31 - "D:\School\UCLA\Junior\Fall 2016\m152a\lab3b\display.v" Line 51: <second2> is already declared.
ERROR:HDLCompiler:31 - "D:\School\UCLA\Junior\Fall 2016\m152a\lab3b\display.v" Line 57: <minute1> is already declared.
ERROR:HDLCompiler:31 - "D:\School\UCLA\Junior\Fall 2016\m152a\lab3b\display.v" Line 63: <minute2> is already declared.
ERROR:HDLCompiler:806 - "D:\School\UCLA\Junior\Fall 2016\m152a\lab3b\display.v" Line 71: Syntax error near "'".
ERROR:HDLCompiler:806 - "D:\School\UCLA\Junior\Fall 2016\m152a\lab3b\display.v" Line 93: Syntax error near "end".
ERROR:HDLCompiler:806 - "D:\School\UCLA\Junior\Fall 2016\m152a\lab3b\display.v" Line 99: Syntax error near "end".
ERROR:HDLCompiler:806 - "D:\School\UCLA\Junior\Fall 2016\m152a\lab3b\display.v" Line 105: Syntax error near "end".
ERROR:HDLCompiler:69 - "D:\School\UCLA\Junior\Fall 2016\m152a\lab3b\display.v" Line 94: <secondscount> is not declared.
ERROR:HDLCompiler:69 - "D:\School\UCLA\Junior\Fall 2016\m152a\lab3b\display.v" Line 100: <secondscount> is not declared.
ERROR:HDLCompiler:346 - "D:\School\UCLA\Junior\Fall 2016\m152a\lab3b\display.v" Line 99: Default case should appear only once
ERROR:HDLCompiler:346 - "D:\School\UCLA\Junior\Fall 2016\m152a\lab3b\display.v" Line 105: Default case should appear only once
ERROR:HDLCompiler:346 - "D:\School\UCLA\Junior\Fall 2016\m152a\lab3b\display.v" Line 121: Default case should appear only once
ERROR:HDLCompiler:346 - "D:\School\UCLA\Junior\Fall 2016\m152a\lab3b\display.v" Line 122: Default case should appear only once
ERROR:HDLCompiler:346 - "D:\School\UCLA\Junior\Fall 2016\m152a\lab3b\display.v" Line 123: Default case should appear only once
ERROR:HDLCompiler:598 - "D:\School\UCLA\Junior\Fall 2016\m152a\lab3b\display.v" Line 21: Module <display> ignored due to previous errors.
Verilog file D:\School\UCLA\Junior\Fall 2016\m152a\lab3b\display.v ignored due to errors
--> 

Total memory usage is 229268 kilobytes

Number of errors   :   16 (   0 filtered)
Number of warnings :    0 (   0 filtered)
Number of infos    :    0 (   0 filtered)

